# JRE version: OpenJDK Runtime Environment Temurin-21.0.6+7 (21.0.6+7) (build 21.0.6+7-LTS)
# Java VM: OpenJDK 64-Bit Server VM Temurin-21.0.6+7 (21.0.6+7-LTS, mixed mode, sharing, tiered, compressed oops, compressed class ptrs, parallel gc, windows-amd64)
GC Precious Log:
 CardTable entry size: 512
 CPUs: 12 total, 12 available
 Memory: 7860M
 Large Page Support: Disabled
 NUMA Support: Disabled
 Compressed Oops: Enabled (32-bit)
 Alignments: Space 512K, Generation 512K, Heap 2M
 Heap Min Capacity: 100M
 Heap Initial Capacity: 100M
 Heap Max Capacity: 1G
 Pre-touch: Disabled
 Parallel Workers: 10
Heap:
 PSYoungGen      total 9216K, used 9112K [0x00000000eab00000, 0x00000000eb580000, 0x0000000100000000)
  eden space 7680K, 99% used [0x00000000eab00000,0x00000000eb27c6b0,0x00000000eb280000)
  from space 1536K, 94% used [0x00000000eb400000,0x00000000eb569b38,0x00000000eb580000)
  to   space 1536K, 98% used [0x00000000eb280000,0x00000000eb3fbe38,0x00000000eb400000)
 ParOldGen       total 317952K, used 317728K [0x00000000c0000000, 0x00000000d3680000, 0x00000000eab00000)
  object space 317952K, 99% used [0x00000000c0000000,0x00000000d36483d8,0x00000000d3680000)
 Metaspace       used 54969K, committed 56192K, reserved 1114112K
  class space    used 5716K, committed 6272K, reserved 1048576K
GC Heap History (20 events):
Event: 45.014 GC heap before
{Heap before GC invocations=259 (full 2):
 PSYoungGen      total 9216K, used 8885K [0x00000000eab00000, 0x00000000eb580000, 0x0000000100000000)
  eden space 7680K, 100% used [0x00000000eab00000,0x00000000eb280000,0x00000000eb280000)
  from space 1536K, 78% used [0x00000000eb400000,0x00000000eb52d540,0x00000000eb580000)
  to   space 1536K, 0% used [0x00000000eb280000,0x00000000eb280000,0x00000000eb400000)
 ParOldGen       total 304640K, used 304426K [0x00000000c0000000, 0x00000000d2980000, 0x00000000eab00000)
  object space 304640K, 99% used [0x00000000c0000000,0x00000000d294a9a0,0x00000000d2980000)
 Metaspace       used 54177K, committed 55424K, reserved 1114112K
  class space    used 5653K, committed 6208K, reserved 1048576K
}
Event: 45.016 GC heap after
{Heap after GC invocations=259 (full 2):
 PSYoungGen      total 9216K, used 1134K [0x00000000eab00000, 0x00000000eb580000, 0x0000000100000000)
  eden space 7680K, 0% used [0x00000000eab00000,0x00000000eab00000,0x00000000eb280000)
  from space 1536K, 73% used [0x00000000eb280000,0x00000000eb39ba48,0x00000000eb400000)
  to   space 1536K, 0% used [0x00000000eb400000,0x00000000eb400000,0x00000000eb580000)
 ParOldGen       total 305664K, used 305468K [0x00000000c0000000, 0x00000000d2a80000, 0x00000000eab00000)
  object space 305664K, 99% used [0x00000000c0000000,0x00000000d2a4f368,0x00000000d2a80000)
 Metaspace       used 54177K, committed 55424K, reserved 1114112K
  class space    used 5653K, committed 6208K, reserved 1048576K
}
Event: 45.031 GC heap before
{Heap before GC invocations=260 (full 2):
 PSYoungGen      total 9216K, used 8814K [0x00000000eab00000, 0x00000000eb580000, 0x0000000100000000)
  eden space 7680K, 100% used [0x00000000eab00000,0x00000000eb280000,0x00000000eb280000)
  from space 1536K, 73% used [0x00000000eb280000,0x00000000eb39ba48,0x00000000eb400000)
  to   space 1536K, 0% used [0x00000000eb400000,0x00000000eb400000,0x00000000eb580000)
 ParOldGen       total 306176K, used 305837K [0x00000000c0000000, 0x00000000d2b00000, 0x00000000eab00000)
  object space 306176K, 99% used [0x00000000c0000000,0x00000000d2aab7b8,0x00000000d2b00000)
 Metaspace       used 54390K, committed 55616K, reserved 1114112K
  class space    used 5676K, committed 6208K, reserved 1048576K
}
Event: 45.033 GC heap after
{Heap after GC invocations=260 (full 2):
 PSYoungGen      total 9216K, used 1251K [0x00000000eab00000, 0x00000000eb580000, 0x0000000100000000)
  eden space 7680K, 0% used [0x00000000eab00000,0x00000000eab00000,0x00000000eb280000)
  from space 1536K, 81% used [0x00000000eb400000,0x00000000eb538f98,0x00000000eb580000)
  to   space 1536K, 0% used [0x00000000eb280000,0x00000000eb280000,0x00000000eb400000)
 ParOldGen       total 307200K, used 306813K [0x00000000c0000000, 0x00000000d2c00000, 0x00000000eab00000)
  object space 307200K, 99% used [0x00000000c0000000,0x00000000d2b9f700,0x00000000d2c00000)
 Metaspace       used 54390K, committed 55616K, reserved 1114112K
  class space    used 5676K, committed 6208K, reserved 1048576K
}
Event: 45.047 GC heap before
{Heap before GC invocations=261 (full 2):
 PSYoungGen      total 9216K, used 8911K [0x00000000eab00000, 0x00000000eb580000, 0x0000000100000000)
  eden space 7680K, 99% used [0x00000000eab00000,0x00000000eb27ae78,0x00000000eb280000)
  from space 1536K, 81% used [0x00000000eb400000,0x00000000eb538f98,0x00000000eb580000)
  to   space 1536K, 0% used [0x00000000eb280000,0x00000000eb280000,0x00000000eb400000)
 ParOldGen       total 307200K, used 306813K [0x00000000c0000000, 0x00000000d2c00000, 0x00000000eab00000)
  object space 307200K, 99% used [0x00000000c0000000,0x00000000d2b9f700,0x00000000d2c00000)
 Metaspace       used 54512K, committed 55744K, reserved 1114112K
  class space    used 5684K, committed 6208K, reserved 1048576K
}
Event: 45.049 GC heap after
{Heap after GC invocations=261 (full 2):
 PSYoungGen      total 9216K, used 1472K [0x00000000eab00000, 0x00000000eb580000, 0x0000000100000000)
  eden space 7680K, 0% used [0x00000000eab00000,0x00000000eab00000,0x00000000eb280000)
  from space 1536K, 95% used [0x00000000eb280000,0x00000000eb3f0350,0x00000000eb400000)
  to   space 1536K, 0% used [0x00000000eb400000,0x00000000eb400000,0x00000000eb580000)
 ParOldGen       total 308224K, used 307884K [0x00000000c0000000, 0x00000000d2d00000, 0x00000000eab00000)
  object space 308224K, 99% used [0x00000000c0000000,0x00000000d2cab1a0,0x00000000d2d00000)
 Metaspace       used 54512K, committed 55744K, reserved 1114112K
  class space    used 5684K, committed 6208K, reserved 1048576K
}
Event: 45.066 GC heap before
{Heap before GC invocations=262 (full 2):
 PSYoungGen      total 9216K, used 9151K [0x00000000eab00000, 0x00000000eb580000, 0x0000000100000000)
  eden space 7680K, 99% used [0x00000000eab00000,0x00000000eb27fb88,0x00000000eb280000)
  from space 1536K, 95% used [0x00000000eb280000,0x00000000eb3f0350,0x00000000eb400000)
  to   space 1536K, 0% used [0x00000000eb400000,0x00000000eb400000,0x00000000eb580000)
 ParOldGen       total 308224K, used 307884K [0x00000000c0000000, 0x00000000d2d00000, 0x00000000eab00000)
  object space 308224K, 99% used [0x00000000c0000000,0x00000000d2cab1a0,0x00000000d2d00000)
 Metaspace       used 54574K, committed 55872K, reserved 1114112K
  class space    used 5689K, committed 6272K, reserved 1048576K
}
Event: 45.068 GC heap after
{Heap after GC invocations=262 (full 2):
 PSYoungGen      total 9216K, used 1367K [0x00000000eab00000, 0x00000000eb580000, 0x0000000100000000)
  eden space 7680K, 0% used [0x00000000eab00000,0x00000000eab00000,0x00000000eb280000)
  from space 1536K, 89% used [0x00000000eb400000,0x00000000eb555e40,0x00000000eb580000)
  to   space 1536K, 0% used [0x00000000eb280000,0x00000000eb280000,0x00000000eb400000)
 ParOldGen       total 309248K, used 309102K [0x00000000c0000000, 0x00000000d2e00000, 0x00000000eab00000)
  object space 309248K, 99% used [0x00000000c0000000,0x00000000d2ddbaa0,0x00000000d2e00000)
 Metaspace       used 54574K, committed 55872K, reserved 1114112K
  class space    used 5689K, committed 6272K, reserved 1048576K
}
Event: 45.083 GC heap before
{Heap before GC invocations=263 (full 2):
 PSYoungGen      total 9216K, used 9037K [0x00000000eab00000, 0x00000000eb580000, 0x0000000100000000)
  eden space 7680K, 99% used [0x00000000eab00000,0x00000000eb27d610,0x00000000eb280000)
  from space 1536K, 89% used [0x00000000eb400000,0x00000000eb555e40,0x00000000eb580000)
  to   space 1536K, 0% used [0x00000000eb280000,0x00000000eb280000,0x00000000eb400000)
 ParOldGen       total 309248K, used 309102K [0x00000000c0000000, 0x00000000d2e00000, 0x00000000eab00000)
  object space 309248K, 99% used [0x00000000c0000000,0x00000000d2ddbaa0,0x00000000d2e00000)
 Metaspace       used 54650K, committed 55936K, reserved 1114112K
  class space    used 5689K, committed 6272K, reserved 1048576K
}
Event: 45.086 GC heap after
{Heap after GC invocations=263 (full 2):
 PSYoungGen      total 9216K, used 1510K [0x00000000eab00000, 0x00000000eb680000, 0x0000000100000000)
  eden space 7680K, 0% used [0x00000000eab00000,0x00000000eab00000,0x00000000eb280000)
  from space 1536K, 98% used [0x00000000eb280000,0x00000000eb3f9a40,0x00000000eb400000)
  to   space 2048K, 0% used [0x00000000eb480000,0x00000000eb480000,0x00000000eb680000)
 ParOldGen       total 310784K, used 310422K [0x00000000c0000000, 0x00000000d2f80000, 0x00000000eab00000)
  object space 310784K, 99% used [0x00000000c0000000,0x00000000d2f259c0,0x00000000d2f80000)
 Metaspace       used 54650K, committed 55936K, reserved 1114112K
  class space    used 5689K, committed 6272K, reserved 1048576K
}
Event: 45.103 GC heap before
{Heap before GC invocations=264 (full 2):
 PSYoungGen      total 9216K, used 9184K [0x00000000eab00000, 0x00000000eb680000, 0x0000000100000000)
  eden space 7680K, 99% used [0x00000000eab00000,0x00000000eb27e958,0x00000000eb280000)
  from space 1536K, 98% used [0x00000000eb280000,0x00000000eb3f9a40,0x00000000eb400000)
  to   space 2048K, 0% used [0x00000000eb480000,0x00000000eb480000,0x00000000eb680000)
 ParOldGen       total 310784K, used 310422K [0x00000000c0000000, 0x00000000d2f80000, 0x00000000eab00000)
  object space 310784K, 99% used [0x00000000c0000000,0x00000000d2f259c0,0x00000000d2f80000)
 Metaspace       used 54664K, committed 55936K, reserved 1114112K
  class space    used 5689K, committed 6272K, reserved 1048576K
}
Event: 45.105 GC heap after
{Heap after GC invocations=264 (full 2):
 PSYoungGen      total 9728K, used 1551K [0x00000000eab00000, 0x00000000eb680000, 0x0000000100000000)
  eden space 7680K, 0% used [0x00000000eab00000,0x00000000eab00000,0x00000000eb280000)
  from space 2048K, 75% used [0x00000000eb480000,0x00000000eb603cf8,0x00000000eb680000)
  to   space 2048K, 0% used [0x00000000eb280000,0x00000000eb280000,0x00000000eb480000)
 ParOldGen       total 311808K, used 311757K [0x00000000c0000000, 0x00000000d3080000, 0x00000000eab00000)
  object space 311808K, 99% used [0x00000000c0000000,0x00000000d3073790,0x00000000d3080000)
 Metaspace       used 54664K, committed 55936K, reserved 1114112K
  class space    used 5689K, committed 6272K, reserved 1048576K
}
Event: 45.122 GC heap before
{Heap before GC invocations=265 (full 2):
 PSYoungGen      total 9728K, used 9213K [0x00000000eab00000, 0x00000000eb680000, 0x0000000100000000)
  eden space 7680K, 99% used [0x00000000eab00000,0x00000000eb27b740,0x00000000eb280000)
  from space 2048K, 75% used [0x00000000eb480000,0x00000000eb603cf8,0x00000000eb680000)
  to   space 2048K, 0% used [0x00000000eb280000,0x00000000eb280000,0x00000000eb480000)
 ParOldGen       total 311808K, used 311757K [0x00000000c0000000, 0x00000000d3080000, 0x00000000eab00000)
  object space 311808K, 99% used [0x00000000c0000000,0x00000000d3073790,0x00000000d3080000)
 Metaspace       used 54682K, committed 56000K, reserved 1114112K
  class space    used 5689K, committed 6272K, reserved 1048576K
}
Event: 45.124 GC heap after
{Heap after GC invocations=265 (full 2):
 PSYoungGen      total 9728K, used 1529K [0x00000000eab00000, 0x00000000eb680000, 0x0000000100000000)
  eden space 7680K, 0% used [0x00000000eab00000,0x00000000eab00000,0x00000000eb280000)
  from space 2048K, 74% used [0x00000000eb280000,0x00000000eb3fe4c8,0x00000000eb480000)
  to   space 2048K, 0% used [0x00000000eb480000,0x00000000eb480000,0x00000000eb680000)
 ParOldGen       total 313344K, used 313120K [0x00000000c0000000, 0x00000000d3200000, 0x00000000eab00000)
  object space 313344K, 99% used [0x00000000c0000000,0x00000000d31c81a0,0x00000000d3200000)
 Metaspace       used 54682K, committed 56000K, reserved 1114112K
  class space    used 5689K, committed 6272K, reserved 1048576K
}
Event: 45.140 GC heap before
{Heap before GC invocations=266 (full 2):
 PSYoungGen      total 9728K, used 9111K [0x00000000eab00000, 0x00000000eb680000, 0x0000000100000000)
  eden space 7680K, 98% used [0x00000000eab00000,0x00000000eb267a48,0x00000000eb280000)
  from space 2048K, 74% used [0x00000000eb280000,0x00000000eb3fe4c8,0x00000000eb480000)
  to   space 2048K, 0% used [0x00000000eb480000,0x00000000eb480000,0x00000000eb680000)
 ParOldGen       total 313344K, used 313120K [0x00000000c0000000, 0x00000000d3200000, 0x00000000eab00000)
  object space 313344K, 99% used [0x00000000c0000000,0x00000000d31c81a0,0x00000000d3200000)
 Metaspace       used 54716K, committed 56000K, reserved 1114112K
  class space    used 5691K, committed 6272K, reserved 1048576K
}
Event: 45.142 GC heap after
{Heap after GC invocations=266 (full 2):
 PSYoungGen      total 9728K, used 1534K [0x00000000eab00000, 0x00000000eb680000, 0x0000000100000000)
  eden space 7680K, 0% used [0x00000000eab00000,0x00000000eab00000,0x00000000eb280000)
  from space 2048K, 74% used [0x00000000eb480000,0x00000000eb5ffbe8,0x00000000eb680000)
  to   space 2048K, 0% used [0x00000000eb280000,0x00000000eb280000,0x00000000eb480000)
 ParOldGen       total 314880K, used 314439K [0x00000000c0000000, 0x00000000d3380000, 0x00000000eab00000)
  object space 314880K, 99% used [0x00000000c0000000,0x00000000d3311fa0,0x00000000d3380000)
 Metaspace       used 54716K, committed 56000K, reserved 1114112K
  class space    used 5691K, committed 6272K, reserved 1048576K
}
Event: 45.158 GC heap before
{Heap before GC invocations=267 (full 2):
 PSYoungGen      total 9728K, used 9214K [0x00000000eab00000, 0x00000000eb680000, 0x0000000100000000)
  eden space 7680K, 100% used [0x00000000eab00000,0x00000000eb280000,0x00000000eb280000)
  from space 2048K, 74% used [0x00000000eb480000,0x00000000eb5ffbe8,0x00000000eb680000)
  to   space 2048K, 0% used [0x00000000eb280000,0x00000000eb280000,0x00000000eb480000)
 ParOldGen       total 314880K, used 314439K [0x00000000c0000000, 0x00000000d3380000, 0x00000000eab00000)
  object space 314880K, 99% used [0x00000000c0000000,0x00000000d3311fa0,0x00000000d3380000)
 Metaspace       used 54826K, committed 56128K, reserved 1114112K
  class space    used 5698K, committed 6272K, reserved 1048576K
}
Event: 45.161 GC heap after
{Heap after GC invocations=267 (full 2):
 PSYoungGen      total 9216K, used 1452K [0x00000000eab00000, 0x00000000eb580000, 0x0000000100000000)
  eden space 7680K, 0% used [0x00000000eab00000,0x00000000eab00000,0x00000000eb280000)
  from space 1536K, 94% used [0x00000000eb280000,0x00000000eb3eb1c8,0x00000000eb400000)
  to   space 1536K, 0% used [0x00000000eb400000,0x00000000eb400000,0x00000000eb580000)
 ParOldGen       total 315904K, used 315763K [0x00000000c0000000, 0x00000000d3480000, 0x00000000eab00000)
  object space 315904K, 99% used [0x00000000c0000000,0x00000000d345cc28,0x00000000d3480000)
 Metaspace       used 54826K, committed 56128K, reserved 1114112K
  class space    used 5698K, committed 6272K, reserved 1048576K
}
Event: 45.183 GC heap before
{Heap before GC invocations=268 (full 2):
 PSYoungGen      total 9216K, used 9132K [0x00000000eab00000, 0x00000000eb580000, 0x0000000100000000)
  eden space 7680K, 100% used [0x00000000eab00000,0x00000000eb280000,0x00000000eb280000)
  from space 1536K, 94% used [0x00000000eb280000,0x00000000eb3eb1c8,0x00000000eb400000)
  to   space 1536K, 0% used [0x00000000eb400000,0x00000000eb400000,0x00000000eb580000)
 ParOldGen       total 315904K, used 315763K [0x00000000c0000000, 0x00000000d3480000, 0x00000000eab00000)
  object space 315904K, 99% used [0x00000000c0000000,0x00000000d345cc28,0x00000000d3480000)
 Metaspace       used 54843K, committed 56128K, reserved 1114112K
  class space    used 5698K, committed 6272K, reserved 1048576K
}
Event: 45.185 GC heap after
{Heap after GC invocations=268 (full 2):
 PSYoungGen      total 9216K, used 1446K [0x00000000eab00000, 0x00000000eb580000, 0x0000000100000000)
  eden space 7680K, 0% used [0x00000000eab00000,0x00000000eab00000,0x00000000eb280000)
  from space 1536K, 94% used [0x00000000eb400000,0x00000000eb569b38,0x00000000eb580000)
  to   space 1536K, 0% used [0x00000000eb280000,0x00000000eb280000,0x00000000eb400000)
 ParOldGen       total 317440K, used 317008K [0x00000000c0000000, 0x00000000d3600000, 0x00000000eab00000)
  object space 317440K, 99% used [0x00000000c0000000,0x00000000d3594128,0x00000000d3600000)
 Metaspace       used 54843K, committed 56128K, reserved 1114112K
  class space    used 5698K, committed 6272K, reserved 1048576K
}

