# JRE version: OpenJDK Runtime Environment Temurin-21.0.6+7 (21.0.6+7) (build 21.0.6+7-LTS)
# Java VM: OpenJDK 64-Bit Server VM Temurin-21.0.6+7 (21.0.6+7-LTS, mixed mode, sharing, tiered, compressed oops, compressed class ptrs, parallel gc, windows-amd64)
GC Precious Log:
 CardTable entry size: 512
 CPUs: 12 total, 12 available
 Memory: 7860M
 Large Page Support: Disabled
 NUMA Support: Disabled
 Compressed Oops: Enabled (32-bit)
 Alignments: Space 512K, Generation 512K, Heap 2M
 Heap Min Capacity: 100M
 Heap Initial Capacity: 100M
 Heap Max Capacity: 1G
 Pre-touch: Disabled
 Parallel Workers: 10
Heap:
 PSYoungGen      total 8704K, used 3564K [0x00000000eab00000, 0x00000000eb580000, 0x0000000100000000)
  eden space 7168K, 33% used [0x00000000eab00000,0x00000000ead5d2f8,0x00000000eb200000)
  from space 1536K, 74% used [0x00000000eb200000,0x00000000eb31dff0,0x00000000eb380000)
  to   space 1536K, 0% used [0x00000000eb400000,0x00000000eb400000,0x00000000eb580000)
 ParOldGen       total 338432K, used 337945K [0x00000000c0000000, 0x00000000d4a80000, 0x00000000eab00000)
  object space 338432K, 99% used [0x00000000c0000000,0x00000000d4a06718,0x00000000d4a80000)
 Metaspace       used 58709K, committed 60096K, reserved 1114112K
  class space    used 6054K, committed 6720K, reserved 1048576K
GC Heap History (20 events):
Event: 35.133 GC heap before
{Heap before GC invocations=399 (full 4):
 PSYoungGen      total 8192K, used 7872K [0x00000000eab00000, 0x00000000eb900000, 0x0000000100000000)
  eden space 5120K, 100% used [0x00000000eab00000,0x00000000eb000000,0x00000000eb000000)
  from space 3072K, 89% used [0x00000000eb600000,0x00000000eb8b0000,0x00000000eb900000)
  to   space 4096K, 0% used [0x00000000eb100000,0x00000000eb100000,0x00000000eb500000)
 ParOldGen       total 328192K, used 327888K [0x00000000c0000000, 0x00000000d4080000, 0x00000000eab00000)
  object space 328192K, 99% used [0x00000000c0000000,0x00000000d40343d0,0x00000000d4080000)
 Metaspace       used 57962K, committed 59392K, reserved 1114112K
  class space    used 5999K, committed 6656K, reserved 1048576K
}
Event: 35.139 GC heap after
{Heap after GC invocations=399 (full 4):
 PSYoungGen      total 9728K, used 4064K [0x00000000eab00000, 0x00000000ebb80000, 0x0000000100000000)
  eden space 5632K, 0% used [0x00000000eab00000,0x00000000eab00000,0x00000000eb080000)
  from space 4096K, 99% used [0x00000000eb100000,0x00000000eb4f8010,0x00000000eb500000)
  to   space 5632K, 0% used [0x00000000eb600000,0x00000000eb600000,0x00000000ebb80000)
 ParOldGen       total 329216K, used 328768K [0x00000000c0000000, 0x00000000d4180000, 0x00000000eab00000)
  object space 329216K, 99% used [0x00000000c0000000,0x00000000d41103d0,0x00000000d4180000)
 Metaspace       used 57962K, committed 59392K, reserved 1114112K
  class space    used 5999K, committed 6656K, reserved 1048576K
}
Event: 40.838 GC heap before
{Heap before GC invocations=400 (full 4):
 PSYoungGen      total 9728K, used 9689K [0x00000000eab00000, 0x00000000ebb80000, 0x0000000100000000)
  eden space 5632K, 99% used [0x00000000eab00000,0x00000000eb07e4f8,0x00000000eb080000)
  from space 4096K, 99% used [0x00000000eb100000,0x00000000eb4f8010,0x00000000eb500000)
  to   space 5632K, 0% used [0x00000000eb600000,0x00000000eb600000,0x00000000ebb80000)
 ParOldGen       total 329216K, used 328768K [0x00000000c0000000, 0x00000000d4180000, 0x00000000eab00000)
  object space 329216K, 99% used [0x00000000c0000000,0x00000000d41103d0,0x00000000d4180000)
 Metaspace       used 58186K, committed 59584K, reserved 1114112K
  class space    used 6011K, committed 6656K, reserved 1048576K
}
Event: 40.843 GC heap after
{Heap after GC invocations=400 (full 4):
 PSYoungGen      total 7168K, used 736K [0x00000000eab00000, 0x00000000eb700000, 0x0000000100000000)
  eden space 6144K, 0% used [0x00000000eab00000,0x00000000eab00000,0x00000000eb100000)
  from space 1024K, 71% used [0x00000000eb600000,0x00000000eb6b8000,0x00000000eb700000)
  to   space 2560K, 0% used [0x00000000eb200000,0x00000000eb200000,0x00000000eb480000)
 ParOldGen       total 332800K, used 332320K [0x00000000c0000000, 0x00000000d4500000, 0x00000000eab00000)
  object space 332800K, 99% used [0x00000000c0000000,0x00000000d44883d0,0x00000000d4500000)
 Metaspace       used 58186K, committed 59584K, reserved 1114112K
  class space    used 6011K, committed 6656K, reserved 1048576K
}
Event: 42.369 GC heap before
{Heap before GC invocations=401 (full 4):
 PSYoungGen      total 7168K, used 6880K [0x00000000eab00000, 0x00000000eb700000, 0x0000000100000000)
  eden space 6144K, 100% used [0x00000000eab00000,0x00000000eb100000,0x00000000eb100000)
  from space 1024K, 71% used [0x00000000eb600000,0x00000000eb6b8000,0x00000000eb700000)
  to   space 2560K, 0% used [0x00000000eb200000,0x00000000eb200000,0x00000000eb480000)
 ParOldGen       total 332800K, used 332320K [0x00000000c0000000, 0x00000000d4500000, 0x00000000eab00000)
  object space 332800K, 99% used [0x00000000c0000000,0x00000000d44883d0,0x00000000d4500000)
 Metaspace       used 58200K, committed 59584K, reserved 1114112K
  class space    used 6011K, committed 6656K, reserved 1048576K
}
Event: 42.371 GC heap after
{Heap after GC invocations=401 (full 4):
 PSYoungGen      total 9216K, used 1339K [0x00000000eab00000, 0x00000000eb680000, 0x0000000100000000)
  eden space 6656K, 0% used [0x00000000eab00000,0x00000000eab00000,0x00000000eb180000)
  from space 2560K, 52% used [0x00000000eb200000,0x00000000eb34ec08,0x00000000eb480000)
  to   space 1536K, 0% used [0x00000000eb500000,0x00000000eb500000,0x00000000eb680000)
 ParOldGen       total 332800K, used 332328K [0x00000000c0000000, 0x00000000d4500000, 0x00000000eab00000)
  object space 332800K, 99% used [0x00000000c0000000,0x00000000d448a3d0,0x00000000d4500000)
 Metaspace       used 58200K, committed 59584K, reserved 1114112K
  class space    used 6011K, committed 6656K, reserved 1048576K
}
Event: 42.425 GC heap before
{Heap before GC invocations=402 (full 4):
 PSYoungGen      total 9216K, used 7995K [0x00000000eab00000, 0x00000000eb680000, 0x0000000100000000)
  eden space 6656K, 100% used [0x00000000eab00000,0x00000000eb180000,0x00000000eb180000)
  from space 2560K, 52% used [0x00000000eb200000,0x00000000eb34ec08,0x00000000eb480000)
  to   space 1536K, 0% used [0x00000000eb500000,0x00000000eb500000,0x00000000eb680000)
 ParOldGen       total 332800K, used 332328K [0x00000000c0000000, 0x00000000d4500000, 0x00000000eab00000)
  object space 332800K, 99% used [0x00000000c0000000,0x00000000d448a3d0,0x00000000d4500000)
 Metaspace       used 58221K, committed 59648K, reserved 1114112K
  class space    used 6011K, committed 6656K, reserved 1048576K
}
Event: 42.428 GC heap after
{Heap after GC invocations=402 (full 4):
 PSYoungGen      total 8704K, used 1531K [0x00000000eab00000, 0x00000000eb680000, 0x0000000100000000)
  eden space 7168K, 0% used [0x00000000eab00000,0x00000000eab00000,0x00000000eb200000)
  from space 1536K, 99% used [0x00000000eb500000,0x00000000eb67ec08,0x00000000eb680000)
  to   space 2048K, 0% used [0x00000000eb280000,0x00000000eb280000,0x00000000eb480000)
 ParOldGen       total 332800K, used 332568K [0x00000000c0000000, 0x00000000d4500000, 0x00000000eab00000)
  object space 332800K, 99% used [0x00000000c0000000,0x00000000d44c63d0,0x00000000d4500000)
 Metaspace       used 58221K, committed 59648K, reserved 1114112K
  class space    used 6011K, committed 6656K, reserved 1048576K
}
Event: 42.599 GC heap before
{Heap before GC invocations=403 (full 4):
 PSYoungGen      total 8704K, used 8699K [0x00000000eab00000, 0x00000000eb680000, 0x0000000100000000)
  eden space 7168K, 100% used [0x00000000eab00000,0x00000000eb200000,0x00000000eb200000)
  from space 1536K, 99% used [0x00000000eb500000,0x00000000eb67ec08,0x00000000eb680000)
  to   space 2048K, 0% used [0x00000000eb280000,0x00000000eb280000,0x00000000eb480000)
 ParOldGen       total 332800K, used 332568K [0x00000000c0000000, 0x00000000d4500000, 0x00000000eab00000)
  object space 332800K, 99% used [0x00000000c0000000,0x00000000d44c63d0,0x00000000d4500000)
 Metaspace       used 58353K, committed 59712K, reserved 1114112K
  class space    used 6024K, committed 6656K, reserved 1048576K
}
Event: 42.602 GC heap after
{Heap after GC invocations=403 (full 4):
 PSYoungGen      total 8704K, used 928K [0x00000000eab00000, 0x00000000eb580000, 0x0000000100000000)
  eden space 7680K, 0% used [0x00000000eab00000,0x00000000eab00000,0x00000000eb280000)
  from space 1024K, 90% used [0x00000000eb280000,0x00000000eb368000,0x00000000eb380000)
  to   space 1536K, 0% used [0x00000000eb400000,0x00000000eb400000,0x00000000eb580000)
 ParOldGen       total 333824K, used 333712K [0x00000000c0000000, 0x00000000d4600000, 0x00000000eab00000)
  object space 333824K, 99% used [0x00000000c0000000,0x00000000d45e4148,0x00000000d4600000)
 Metaspace       used 58353K, committed 59712K, reserved 1114112K
  class space    used 6024K, committed 6656K, reserved 1048576K
}
Event: 42.831 GC heap before
{Heap before GC invocations=404 (full 4):
 PSYoungGen      total 8704K, used 8608K [0x00000000eab00000, 0x00000000eb580000, 0x0000000100000000)
  eden space 7680K, 100% used [0x00000000eab00000,0x00000000eb280000,0x00000000eb280000)
  from space 1024K, 90% used [0x00000000eb280000,0x00000000eb368000,0x00000000eb380000)
  to   space 1536K, 0% used [0x00000000eb400000,0x00000000eb400000,0x00000000eb580000)
 ParOldGen       total 333824K, used 333712K [0x00000000c0000000, 0x00000000d4600000, 0x00000000eab00000)
  object space 333824K, 99% used [0x00000000c0000000,0x00000000d45e4148,0x00000000d4600000)
 Metaspace       used 58570K, committed 59968K, reserved 1114112K
  class space    used 6052K, committed 6720K, reserved 1048576K
}
Event: 42.834 GC heap after
{Heap after GC invocations=404 (full 4):
 PSYoungGen      total 8704K, used 1522K [0x00000000eab00000, 0x00000000eb700000, 0x0000000100000000)
  eden space 7168K, 0% used [0x00000000eab00000,0x00000000eab00000,0x00000000eb200000)
  from space 1536K, 99% used [0x00000000eb400000,0x00000000eb57c928,0x00000000eb580000)
  to   space 2048K, 0% used [0x00000000eb200000,0x00000000eb200000,0x00000000eb400000)
 ParOldGen       total 334336K, used 334008K [0x00000000c0000000, 0x00000000d4680000, 0x00000000eab00000)
  object space 334336K, 99% used [0x00000000c0000000,0x00000000d462e148,0x00000000d4680000)
 Metaspace       used 58570K, committed 59968K, reserved 1114112K
  class space    used 6052K, committed 6720K, reserved 1048576K
}
Event: 42.877 GC heap before
{Heap before GC invocations=405 (full 4):
 PSYoungGen      total 8704K, used 8690K [0x00000000eab00000, 0x00000000eb700000, 0x0000000100000000)
  eden space 7168K, 100% used [0x00000000eab00000,0x00000000eb200000,0x00000000eb200000)
  from space 1536K, 99% used [0x00000000eb400000,0x00000000eb57c928,0x00000000eb580000)
  to   space 2048K, 0% used [0x00000000eb200000,0x00000000eb200000,0x00000000eb400000)
 ParOldGen       total 334336K, used 334008K [0x00000000c0000000, 0x00000000d4680000, 0x00000000eab00000)
  object space 334336K, 99% used [0x00000000c0000000,0x00000000d462e148,0x00000000d4680000)
 Metaspace       used 58583K, committed 60032K, reserved 1114112K
  class space    used 6052K, committed 6720K, reserved 1048576K
}
Event: 42.880 GC heap after
{Heap after GC invocations=405 (full 4):
 PSYoungGen      total 9216K, used 1810K [0x00000000eab00000, 0x00000000eb680000, 0x0000000100000000)
  eden space 7168K, 0% used [0x00000000eab00000,0x00000000eab00000,0x00000000eb200000)
  from space 2048K, 88% used [0x00000000eb200000,0x00000000eb3c4928,0x00000000eb400000)
  to   space 2048K, 0% used [0x00000000eb480000,0x00000000eb480000,0x00000000eb680000)
 ParOldGen       total 334848K, used 334710K [0x00000000c0000000, 0x00000000d4700000, 0x00000000eab00000)
  object space 334848K, 99% used [0x00000000c0000000,0x00000000d46dd8c8,0x00000000d4700000)
 Metaspace       used 58583K, committed 60032K, reserved 1114112K
  class space    used 6052K, committed 6720K, reserved 1048576K
}
Event: 42.923 GC heap before
{Heap before GC invocations=406 (full 4):
 PSYoungGen      total 9216K, used 8978K [0x00000000eab00000, 0x00000000eb680000, 0x0000000100000000)
  eden space 7168K, 100% used [0x00000000eab00000,0x00000000eb200000,0x00000000eb200000)
  from space 2048K, 88% used [0x00000000eb200000,0x00000000eb3c4928,0x00000000eb400000)
  to   space 2048K, 0% used [0x00000000eb480000,0x00000000eb480000,0x00000000eb680000)
 ParOldGen       total 334848K, used 334710K [0x00000000c0000000, 0x00000000d4700000, 0x00000000eab00000)
  object space 334848K, 99% used [0x00000000c0000000,0x00000000d46dd8c8,0x00000000d4700000)
 Metaspace       used 58605K, committed 60032K, reserved 1114112K
  class space    used 6053K, committed 6720K, reserved 1048576K
}
Event: 42.926 GC heap after
{Heap after GC invocations=406 (full 4):
 PSYoungGen      total 9216K, used 2024K [0x00000000eab00000, 0x00000000eb780000, 0x0000000100000000)
  eden space 7168K, 0% used [0x00000000eab00000,0x00000000eab00000,0x00000000eb200000)
  from space 2048K, 98% used [0x00000000eb480000,0x00000000eb67a130,0x00000000eb680000)
  to   space 2560K, 0% used [0x00000000eb200000,0x00000000eb200000,0x00000000eb480000)
 ParOldGen       total 335360K, used 335026K [0x00000000c0000000, 0x00000000d4780000, 0x00000000eab00000)
  object space 335360K, 99% used [0x00000000c0000000,0x00000000d472c8d8,0x00000000d4780000)
 Metaspace       used 58605K, committed 60032K, reserved 1114112K
  class space    used 6053K, committed 6720K, reserved 1048576K
}
Event: 42.963 GC heap before
{Heap before GC invocations=407 (full 4):
 PSYoungGen      total 9216K, used 9192K [0x00000000eab00000, 0x00000000eb780000, 0x0000000100000000)
  eden space 7168K, 100% used [0x00000000eab00000,0x00000000eb200000,0x00000000eb200000)
  from space 2048K, 98% used [0x00000000eb480000,0x00000000eb67a130,0x00000000eb680000)
  to   space 2560K, 0% used [0x00000000eb200000,0x00000000eb200000,0x00000000eb480000)
 ParOldGen       total 335360K, used 335026K [0x00000000c0000000, 0x00000000d4780000, 0x00000000eab00000)
  object space 335360K, 99% used [0x00000000c0000000,0x00000000d472c8d8,0x00000000d4780000)
 Metaspace       used 58610K, committed 60032K, reserved 1114112K
  class space    used 6053K, committed 6720K, reserved 1048576K
}
Event: 42.966 GC heap after
{Heap after GC invocations=407 (full 4):
 PSYoungGen      total 9728K, used 1718K [0x00000000eab00000, 0x00000000eb680000, 0x0000000100000000)
  eden space 7168K, 0% used [0x00000000eab00000,0x00000000eab00000,0x00000000eb200000)
  from space 2560K, 67% used [0x00000000eb200000,0x00000000eb3ad808,0x00000000eb480000)
  to   space 2048K, 0% used [0x00000000eb480000,0x00000000eb480000,0x00000000eb680000)
 ParOldGen       total 336384K, used 336379K [0x00000000c0000000, 0x00000000d4880000, 0x00000000eab00000)
  object space 336384K, 99% used [0x00000000c0000000,0x00000000d487ef10,0x00000000d4880000)
 Metaspace       used 58610K, committed 60032K, reserved 1114112K
  class space    used 6053K, committed 6720K, reserved 1048576K
}
Event: 43.055 GC heap before
{Heap before GC invocations=408 (full 4):
 PSYoungGen      total 9728K, used 8874K [0x00000000eab00000, 0x00000000eb680000, 0x0000000100000000)
  eden space 7168K, 99% used [0x00000000eab00000,0x00000000eb1fd0e8,0x00000000eb200000)
  from space 2560K, 67% used [0x00000000eb200000,0x00000000eb3ad808,0x00000000eb480000)
  to   space 2048K, 0% used [0x00000000eb480000,0x00000000eb480000,0x00000000eb680000)
 ParOldGen       total 336384K, used 336379K [0x00000000c0000000, 0x00000000d4880000, 0x00000000eab00000)
  object space 336384K, 99% used [0x00000000c0000000,0x00000000d487ef10,0x00000000d4880000)
 Metaspace       used 58628K, committed 60032K, reserved 1114112K
  class space    used 6053K, committed 6720K, reserved 1048576K
}
Event: 43.057 GC heap after
{Heap after GC invocations=408 (full 4):
 PSYoungGen      total 9216K, used 2038K [0x00000000eab00000, 0x00000000eb780000, 0x0000000100000000)
  eden space 7168K, 0% used [0x00000000eab00000,0x00000000eab00000,0x00000000eb200000)
  from space 2048K, 99% used [0x00000000eb480000,0x00000000eb67d808,0x00000000eb680000)
  to   space 2560K, 0% used [0x00000000eb200000,0x00000000eb200000,0x00000000eb480000)
 ParOldGen       total 336896K, used 336539K [0x00000000c0000000, 0x00000000d4900000, 0x00000000eab00000)
  object space 336896K, 99% used [0x00000000c0000000,0x00000000d48a6f10,0x00000000d4900000)
 Metaspace       used 58628K, committed 60032K, reserved 1114112K
  class space    used 6053K, committed 6720K, reserved 1048576K
}

